Determining if the pthread_create exist failed with the following output:
Change Dir: /home/vision-workstation/catkin_ws/src/car_demo/whiteherv_gazebo_plugin/ExtractCoordinate/build/CMakeFiles/CMakeTmp

Run Build Command:"/usr/bin/make" "cmTC_d56ed/fast"
/usr/bin/make -f CMakeFiles/cmTC_d56ed.dir/build.make CMakeFiles/cmTC_d56ed.dir/build
make[1]: Entering directory '/home/vision-workstation/catkin_ws/src/car_demo/whiteherv_gazebo_plugin/ExtractCoordinate/build/CMakeFiles/CMakeTmp'
Building C object CMakeFiles/cmTC_d56ed.dir/CheckSymbolExists.c.o
/usr/bin/cc     -o CMakeFiles/cmTC_d56ed.dir/CheckSymbolExists.c.o   -c /home/vision-workstation/catkin_ws/src/car_demo/whiteherv_gazebo_plugin/ExtractCoordinate/build/CMakeFiles/CMakeTmp/CheckSymbolExists.c
Linking C executable cmTC_d56ed
/usr/bin/cmake -E cmake_link_script CMakeFiles/cmTC_d56ed.dir/link.txt --verbose=1
/usr/bin/cc       CMakeFiles/cmTC_d56ed.dir/CheckSymbolExists.c.o  -o cmTC_d56ed -rdynamic 
CMakeFiles/cmTC_d56ed.dir/CheckSymbolExists.c.o: In function `main':
CheckSymbolExists.c:(.text+0x16): undefined reference to `pthread_create'
collect2: error: ld returned 1 exit status
CMakeFiles/cmTC_d56ed.dir/build.make:97: recipe for target 'cmTC_d56ed' failed
make[1]: *** [cmTC_d56ed] Error 1
make[1]: Leaving directory '/home/vision-workstation/catkin_ws/src/car_demo/whiteherv_gazebo_plugin/ExtractCoordinate/build/CMakeFiles/CMakeTmp'
Makefile:126: recipe for target 'cmTC_d56ed/fast' failed
make: *** [cmTC_d56ed/fast] Error 2

File /home/vision-workstation/catkin_ws/src/car_demo/whiteherv_gazebo_plugin/ExtractCoordinate/build/CMakeFiles/CMakeTmp/CheckSymbolExists.c:
/* */
#include <pthread.h>

int main(int argc, char** argv)
{
  (void)argv;
#ifndef pthread_create
  return ((int*)(&pthread_create))[argc];
#else
  (void)argc;
  return 0;
#endif
}

Determining if the function pthread_create exists in the pthreads failed with the following output:
Change Dir: /home/vision-workstation/catkin_ws/src/car_demo/whiteherv_gazebo_plugin/ExtractCoordinate/build/CMakeFiles/CMakeTmp

Run Build Command:"/usr/bin/make" "cmTC_c8721/fast"
/usr/bin/make -f CMakeFiles/cmTC_c8721.dir/build.make CMakeFiles/cmTC_c8721.dir/build
make[1]: Entering directory '/home/vision-workstation/catkin_ws/src/car_demo/whiteherv_gazebo_plugin/ExtractCoordinate/build/CMakeFiles/CMakeTmp'
Building C object CMakeFiles/cmTC_c8721.dir/CheckFunctionExists.c.o
/usr/bin/cc    -DCHECK_FUNCTION_EXISTS=pthread_create   -o CMakeFiles/cmTC_c8721.dir/CheckFunctionExists.c.o   -c /usr/share/cmake-3.5/Modules/CheckFunctionExists.c
Linking C executable cmTC_c8721
/usr/bin/cmake -E cmake_link_script CMakeFiles/cmTC_c8721.dir/link.txt --verbose=1
/usr/bin/cc   -DCHECK_FUNCTION_EXISTS=pthread_create    CMakeFiles/cmTC_c8721.dir/CheckFunctionExists.c.o  -o cmTC_c8721 -rdynamic -lpthreads 
/usr/bin/ld: cannot find -lpthreads
collect2: error: ld returned 1 exit status
CMakeFiles/cmTC_c8721.dir/build.make:97: recipe for target 'cmTC_c8721' failed
make[1]: *** [cmTC_c8721] Error 1
make[1]: Leaving directory '/home/vision-workstation/catkin_ws/src/car_demo/whiteherv_gazebo_plugin/ExtractCoordinate/build/CMakeFiles/CMakeTmp'
Makefile:126: recipe for target 'cmTC_c8721/fast' failed
make: *** [cmTC_c8721/fast] Error 2


